[debug] [2022-08-16T14:21:21.097Z] ----------------------------------------------------------------------
[debug] [2022-08-16T14:21:21.099Z] Command:       /usr/local/bin/node /usr/local/bin/firebase init
[debug] [2022-08-16T14:21:21.100Z] CLI Version:   11.7.0
[debug] [2022-08-16T14:21:21.100Z] Platform:      darwin
[debug] [2022-08-16T14:21:21.100Z] Node Version:  v16.16.0
[debug] [2022-08-16T14:21:21.102Z] Time:          Tue Aug 16 2022 15:21:21 GMT+0100 (West Africa Standard Time)
[debug] [2022-08-16T14:21:21.102Z] ----------------------------------------------------------------------
[debug] 
[debug] [2022-08-16T14:21:21.168Z] > command requires scopes: ["email","openid","https://www.googleapis.com/auth/cloudplatformprojects.readonly","https://www.googleapis.com/auth/firebase","https://www.googleapis.com/auth/cloud-platform"]
[debug] [2022-08-16T14:21:21.169Z] > authorizing via signed-in user (eakpanowo@gmail.com)
[info] 
     ######## #### ########  ######## ########     ###     ######  ########
     ##        ##  ##     ## ##       ##     ##  ##   ##  ##       ##
     ######    ##  ########  ######   ########  #########  ######  ######
     ##        ##  ##    ##  ##       ##     ## ##     ##       ## ##
     ##       #### ##     ## ######## ########  ##     ##  ######  ########

You're about to initialize a Firebase project in this directory:

  /Users/macair/Documents/GitHub/AtlasEosFrontend

Before we get started, keep in mind:

  * You are initializing within an existing Firebase project directory

[info] 
=== Project Setup
[info] 
[info] First, let's associate this project directory with a Firebase project.
[info] You can create multiple project aliases by running firebase use --add, 
[info] but for now we'll just set up a default project.
[info] 
[debug] [2022-08-16T14:21:25.899Z] Using project from CLI flag: atlas-eos
[debug] [2022-08-16T14:21:25.902Z] >>> [apiv2][query] GET https://firebase.googleapis.com/v1beta1/projects/atlas-eos [none]
[debug] [2022-08-16T14:21:26.566Z] <<< [apiv2][status] GET https://firebase.googleapis.com/v1beta1/projects/atlas-eos 403
[debug] [2022-08-16T14:21:26.567Z] <<< [apiv2][body] GET https://firebase.googleapis.com/v1beta1/projects/atlas-eos {"error":{"code":403,"message":"The caller does not have permission","status":"PERMISSION_DENIED"}}
[debug] [2022-08-16T14:21:26.567Z] HTTP Error: 403, The caller does not have permission
[debug] [2022-08-16T14:21:27.695Z] FirebaseError: HTTP Error: 403, The caller does not have permission
    at responseToError (/usr/local/lib/node_modules/firebase-tools/lib/responseToError.js:49:12)
    at RetryOperation._fn (/usr/local/lib/node_modules/firebase-tools/lib/apiv2.js:288:77)
    at processTicksAndRejections (node:internal/process/task_queues:96:5)
[error] 
[error] Error: Failed to get Firebase project atlas-eos. Please make sure the project exists and your account has permission to access it.
